Determining if the include file windows.h exists failed with the following output:
Change Dir: /Users/eitanya/src/pcre/build/CMakeFiles/CMakeTmp

Run Build Command(s):/usr/local/bin/ninja cmTC_37636 && [1/2] Building C object CMakeFiles/cmTC_37636.dir/CheckIncludeFile.c.o
FAILED: CMakeFiles/cmTC_37636.dir/CheckIncludeFile.c.o 
/usr/bin/clang   -isysroot /Applications/Xcode.app/Contents/Developer/Platforms/MacOSX.platform/Developer/SDKs/MacOSX10.14.sdk -o CMakeFiles/cmTC_37636.dir/CheckIncludeFile.c.o   -c CheckIncludeFile.c
CheckIncludeFile.c:1:10: fatal error: 'windows.h' file not found
#include <windows.h>
         ^~~~~~~~~~~
1 error generated.
ninja: build stopped: subcommand failed.



Determining if the include file type_traits.h exists failed with the following output:
Change Dir: /Users/eitanya/src/pcre/build/CMakeFiles/CMakeTmp

Run Build Command(s):/usr/local/bin/ninja cmTC_3f1fe && [1/2] Building CXX object CMakeFiles/cmTC_3f1fe.dir/CheckIncludeFile.cxx.o
FAILED: CMakeFiles/cmTC_3f1fe.dir/CheckIncludeFile.cxx.o 
/usr/bin/clang++    -isysroot /Applications/Xcode.app/Contents/Developer/Platforms/MacOSX.platform/Developer/SDKs/MacOSX10.14.sdk -o CMakeFiles/cmTC_3f1fe.dir/CheckIncludeFile.cxx.o -c CheckIncludeFile.cxx
CheckIncludeFile.cxx:1:10: fatal error: 'type_traits.h' file not found
#include <type_traits.h>
         ^~~~~~~~~~~~~~~
1 error generated.
ninja: build stopped: subcommand failed.



Determining if the include file bits/type_traits.h exists failed with the following output:
Change Dir: /Users/eitanya/src/pcre/build/CMakeFiles/CMakeTmp

Run Build Command(s):/usr/local/bin/ninja cmTC_ed06b && [1/2] Building CXX object CMakeFiles/cmTC_ed06b.dir/CheckIncludeFile.cxx.o
FAILED: CMakeFiles/cmTC_ed06b.dir/CheckIncludeFile.cxx.o 
/usr/bin/clang++    -isysroot /Applications/Xcode.app/Contents/Developer/Platforms/MacOSX.platform/Developer/SDKs/MacOSX10.14.sdk -o CMakeFiles/cmTC_ed06b.dir/CheckIncludeFile.cxx.o -c CheckIncludeFile.cxx
CheckIncludeFile.cxx:1:10: fatal error: 'bits/type_traits.h' file not found
#include <bits/type_traits.h>
         ^~~~~~~~~~~~~~~~~~~~
1 error generated.
ninja: build stopped: subcommand failed.



Determining if the function _strtoi64 exists failed with the following output:
Change Dir: /Users/eitanya/src/pcre/build/CMakeFiles/CMakeTmp

Run Build Command(s):/usr/local/bin/ninja cmTC_10edb && [1/2] Building C object CMakeFiles/cmTC_10edb.dir/CheckFunctionExists.c.o
[2/2] Linking C executable cmTC_10edb
FAILED: cmTC_10edb 
: && /usr/bin/clang -DCHECK_FUNCTION_EXISTS=_strtoi64 -isysroot /Applications/Xcode.app/Contents/Developer/Platforms/MacOSX.platform/Developer/SDKs/MacOSX10.14.sdk -Wl,-search_paths_first -Wl,-headerpad_max_install_names  CMakeFiles/cmTC_10edb.dir/CheckFunctionExists.c.o  -o cmTC_10edb   && :
Undefined symbols for architecture x86_64:
  "__strtoi64", referenced from:
      _main in CheckFunctionExists.c.o
ld: symbol(s) not found for architecture x86_64
clang: error: linker command failed with exit code 1 (use -v to see invocation)
ninja: build stopped: subcommand failed.



